<?xml version="1.0" encoding="UTF-8"?>
<!-- Generated by org.testng.reporters.JUnitReportReporter -->
<testsuite skipped="0" hostname="MAVBCP532" name="com.internetapp.tests.Login" tests="2" failures="0" timestamp="2020-06-22T15:33:18 IST" time="8.278" errors="2">
  <testcase name="verifyLoginWithInvalidCredentials" time="7.622" classname="com.internetapp.tests.Login">
    <error type="org.openqa.selenium.WebDriverException" message="unknown error: cannot find MSEdge binary
Build info: version: &#039;3.141.59&#039;, revision: &#039;e82be7d358&#039;, time: &#039;2018-11-14T08:17:03&#039;
System info: host: &#039;MAVBCP532&#039;, ip: &#039;192.168.43.163&#039;, os.name: &#039;Windows 10&#039;, os.arch: &#039;amd64&#039;, os.version: &#039;10.0&#039;, java.version: &#039;1.8.0_251&#039;
Driver info: driver.version: EdgeDriver
remote stacktrace: Backtrace:
	Ordinal0 [0x00007FF6BCDE1BF2+3415026]
	Ordinal0 [0x00007FF6BCCB75E2+2192866]
	Ordinal0 [0x00007FF6BCB547AF+739247]
	Ordinal0 [0x00007FF6BCAB35A2+79266]
	Ordinal0 [0x00007FF6BCAB1272+70258]
	Ordinal0 [0x00007FF6BCAE07CB+264139]
	Ordinal0 [0x00007FF6BCADD68F+251535]
	Ordinal0 [0x00007FF6BCABA663+108131]
	Ordinal0 [0x00007FF6BCABB9CE+113102]
	Ordinal0 [0x00007FF6BCCD2521+2303265]
	GetHandleVerifier [0x00007FF6BCF5E584+1425828]
	GetHandleVerifier [0x00007FF6BCF5E34A+1425258]
	GetHandleVerifier [0x00007FF6BCF76301+1523489]
	GetHandleVerifier [0x00007FF6BCF5EB9B+1427387]
	Ordinal0 [0x00007FF6BCCC87C7+2262983]
	Ordinal0 [0x00007FF6BCCD3EFA+2309882]
	Ordinal0 [0x00007FF6BCCF20F8+2433272]
	BaseThreadInitThunk [0x00007FF813DE7974+20]
	RtlUserThreadStart [0x00007FF81478A271+33]
">
      <![CDATA[org.openqa.selenium.WebDriverException: unknown error: cannot find MSEdge binary
Build info: version: '3.141.59', revision: 'e82be7d358', time: '2018-11-14T08:17:03'
System info: host: 'MAVBCP532', ip: '192.168.43.163', os.name: 'Windows 10', os.arch: 'amd64', os.version: '10.0', java.version: '1.8.0_251'
Driver info: driver.version: EdgeDriver
remote stacktrace: Backtrace:
Ordinal0 [0x00007FF6BCDE1BF2+3415026]
Ordinal0 [0x00007FF6BCCB75E2+2192866]
Ordinal0 [0x00007FF6BCB547AF+739247]
Ordinal0 [0x00007FF6BCAB35A2+79266]
Ordinal0 [0x00007FF6BCAB1272+70258]
Ordinal0 [0x00007FF6BCAE07CB+264139]
Ordinal0 [0x00007FF6BCADD68F+251535]
Ordinal0 [0x00007FF6BCABA663+108131]
Ordinal0 [0x00007FF6BCABB9CE+113102]
Ordinal0 [0x00007FF6BCCD2521+2303265]
GetHandleVerifier [0x00007FF6BCF5E584+1425828]
GetHandleVerifier [0x00007FF6BCF5E34A+1425258]
GetHandleVerifier [0x00007FF6BCF76301+1523489]
GetHandleVerifier [0x00007FF6BCF5EB9B+1427387]
Ordinal0 [0x00007FF6BCCC87C7+2262983]
Ordinal0 [0x00007FF6BCCD3EFA+2309882]
Ordinal0 [0x00007FF6BCCF20F8+2433272]
BaseThreadInitThunk [0x00007FF813DE7974+20]
RtlUserThreadStart [0x00007FF81478A271+33]

at sun.reflect.NativeConstructorAccessorImpl.newInstance0(Native Method)
at sun.reflect.NativeConstructorAccessorImpl.newInstance(Unknown Source)
at sun.reflect.DelegatingConstructorAccessorImpl.newInstance(Unknown Source)
at java.lang.reflect.Constructor.newInstance(Unknown Source)
at org.openqa.selenium.remote.W3CHandshakeResponse.lambda$errorHandler$0(W3CHandshakeResponse.java:62)
at org.openqa.selenium.remote.HandshakeResponse.lambda$getResponseFunction$0(HandshakeResponse.java:30)
at org.openqa.selenium.remote.ProtocolHandshake.lambda$createSession$0(ProtocolHandshake.java:126)
at java.util.stream.ReferencePipeline$3$1.accept(Unknown Source)
at java.util.Spliterators$ArraySpliterator.tryAdvance(Unknown Source)
at java.util.stream.ReferencePipeline.forEachWithCancel(Unknown Source)
at java.util.stream.AbstractPipeline.copyIntoWithCancel(Unknown Source)
at java.util.stream.AbstractPipeline.copyInto(Unknown Source)
at java.util.stream.AbstractPipeline.wrapAndCopyInto(Unknown Source)
at java.util.stream.FindOps$FindOp.evaluateSequential(Unknown Source)
at java.util.stream.AbstractPipeline.evaluate(Unknown Source)
at java.util.stream.ReferencePipeline.findFirst(Unknown Source)
at org.openqa.selenium.remote.ProtocolHandshake.createSession(ProtocolHandshake.java:128)
at org.openqa.selenium.remote.ProtocolHandshake.createSession(ProtocolHandshake.java:74)
at org.openqa.selenium.remote.HttpCommandExecutor.execute(HttpCommandExecutor.java:136)
at org.openqa.selenium.remote.service.DriverCommandExecutor.execute(DriverCommandExecutor.java:83)
at org.openqa.selenium.remote.RemoteWebDriver.execute(RemoteWebDriver.java:552)
at org.openqa.selenium.remote.RemoteWebDriver.startSession(RemoteWebDriver.java:213)
at org.openqa.selenium.remote.RemoteWebDriver.<init>(RemoteWebDriver.java:131)
at org.openqa.selenium.edge.EdgeDriver.<init>(EdgeDriver.java:141)
at org.openqa.selenium.edge.EdgeDriver.<init>(EdgeDriver.java:130)
at com.maveric.core.driver.DriverFactory.getEdgeDriver(DriverFactory.java:100)
at com.maveric.core.driver.DriverFactory.createDriver(DriverFactory.java:66)
at com.maveric.core.driver.DriverFactory.driverSetup(DriverFactory.java:54)
at com.maveric.core.testng.listeners.DriverListener.beforeInvocation(DriverListener.java:31)
at org.testng.internal.invokers.InvokedMethodListenerInvoker.invokeListener(InvokedMethodListenerInvoker.java:56)
at org.testng.internal.BaseInvoker.runInvokedMethodListeners(BaseInvoker.java:55)
at org.testng.internal.TestInvoker.invokeMethod(TestInvoker.java:574)
at org.testng.internal.TestInvoker.invokeTestMethod(TestInvoker.java:173)
at org.testng.internal.MethodRunner.runInSequence(MethodRunner.java:46)
at org.testng.internal.TestInvoker$MethodInvocationAgent.invoke(TestInvoker.java:816)
at org.testng.internal.TestInvoker.invokeTestMethods(TestInvoker.java:146)
at org.testng.internal.TestMethodWorker.invokeTestMethods(TestMethodWorker.java:146)
at org.testng.internal.TestMethodWorker.run(TestMethodWorker.java:128)
at java.util.concurrent.ThreadPoolExecutor.runWorker(Unknown Source)
at java.util.concurrent.ThreadPoolExecutor$Worker.run(Unknown Source)
at java.lang.Thread.run(Unknown Source)
]]>
    </error>
  </testcase> <!-- verifyLoginWithInvalidCredentials -->
  <system-out>
22-Jun-2020 03:33:15 PM : org.openqa.selenium.WebDriverException: unknown error: cannot find MSEdge binary
Build info: version: '3.141.59', revision: 'e82be7d358', time: '2018-11-14T08:17:03'
System info: host: 'MAVBCP532', ip: '192.168.43.163', os.name: 'Windows 10', os.arch: 'amd64', os.version: '10.0', java.version: '1.8.0_251'
Driver info: driver.version: EdgeDriver
remote stacktrace: Backtrace:
	Ordinal0 [0x00007FF6BCDE1BF2+3415026]
	Ordinal0 [0x00007FF6BCCB75E2+2192866]
	Ordinal0 [0x00007FF6BCB547AF+739247]
	Ordinal0 [0x00007FF6BCAB35A2+79266]
	Ordinal0 [0x00007FF6BCAB1272+70258]
	Ordinal0 [0x00007FF6BCAE07CB+264139]
	Ordinal0 [0x00007FF6BCADD68F+251535]
	Ordinal0 [0x00007FF6BCABA663+108131]
	Ordinal0 [0x00007FF6BCABB9CE+113102]
	Ordinal0 [0x00007FF6BCCD2521+2303265]
	GetHandleVerifier [0x00007FF6BCF5E584+1425828]
	GetHandleVerifier [0x00007FF6BCF5E34A+1425258]
	GetHandleVerifier [0x00007FF6BCF76301+1523489]
	GetHandleVerifier [0x00007FF6BCF5EB9B+1427387]
	Ordinal0 [0x00007FF6BCCC87C7+2262983]
	Ordinal0 [0x00007FF6BCCD3EFA+2309882]
	Ordinal0 [0x00007FF6BCCF20F8+2433272]
	BaseThreadInitThunk [0x00007FF813DE7974+20]
	RtlUserThreadStart [0x00007FF81478A271+33]

	at sun.reflect.NativeConstructorAccessorImpl.newInstance0(Native Method)
	at sun.reflect.NativeConstructorAccessorImpl.newInstance(Unknown Source)
	at sun.reflect.DelegatingConstructorAccessorImpl.newInstance(Unknown Source)
	at java.lang.reflect.Constructor.newInstance(Unknown Source)
	at org.openqa.selenium.remote.W3CHandshakeResponse.lambda$errorHandler$0(W3CHandshakeResponse.java:62)
	at org.openqa.selenium.remote.HandshakeResponse.lambda$getResponseFunction$0(HandshakeResponse.java:30)
	at org.openqa.selenium.remote.ProtocolHandshake.lambda$createSession$0(ProtocolHandshake.java:126)
	at java.util.stream.ReferencePipeline$3$1.accept(Unknown Source)
	at java.util.Spliterators$ArraySpliterator.tryAdvance(Unknown Source)
	at java.util.stream.ReferencePipeline.forEachWithCancel(Unknown Source)
	at java.util.stream.AbstractPipeline.copyIntoWithCancel(Unknown Source)
	at java.util.stream.AbstractPipeline.copyInto(Unknown Source)
	at java.util.stream.AbstractPipeline.wrapAndCopyInto(Unknown Source)
	at java.util.stream.FindOps$FindOp.evaluateSequential(Unknown Source)
	at java.util.stream.AbstractPipeline.evaluate(Unknown Source)
	at java.util.stream.ReferencePipeline.findFirst(Unknown Source)
	at org.openqa.selenium.remote.ProtocolHandshake.createSession(ProtocolHandshake.java:128)
	at org.openqa.selenium.remote.ProtocolHandshake.createSession(ProtocolHandshake.java:74)
	at org.openqa.selenium.remote.HttpCommandExecutor.execute(HttpCommandExecutor.java:136)
	at org.openqa.selenium.remote.service.DriverCommandExecutor.execute(DriverCommandExecutor.java:83)
	at org.openqa.selenium.remote.RemoteWebDriver.execute(RemoteWebDriver.java:552)
	at org.openqa.selenium.remote.RemoteWebDriver.startSession(RemoteWebDriver.java:213)
	at org.openqa.selenium.remote.RemoteWebDriver.<init>(RemoteWebDriver.java:131)
	at org.openqa.selenium.edge.EdgeDriver.<init>(EdgeDriver.java:141)
	at org.openqa.selenium.edge.EdgeDriver.<init>(EdgeDriver.java:130)
	at com.maveric.core.driver.DriverFactory.getEdgeDriver(DriverFactory.java:100)
	at com.maveric.core.driver.DriverFactory.createDriver(DriverFactory.java:66)
	at com.maveric.core.driver.DriverFactory.driverSetup(DriverFactory.java:54)
	at com.maveric.core.testng.listeners.DriverListener.beforeInvocation(DriverListener.java:31)
	at org.testng.internal.invokers.InvokedMethodListenerInvoker.invokeListener(InvokedMethodListenerInvoker.java:56)
	at org.testng.internal.BaseInvoker.runInvokedMethodListeners(BaseInvoker.java:55)
	at org.testng.internal.TestInvoker.invokeMethod(TestInvoker.java:574)
	at org.testng.internal.TestInvoker.invokeTestMethod(TestInvoker.java:173)
	at org.testng.internal.MethodRunner.runInSequence(MethodRunner.java:46)
	at org.testng.internal.TestInvoker$MethodInvocationAgent.invoke(TestInvoker.java:816)
	at org.testng.internal.TestInvoker.invokeTestMethods(TestInvoker.java:146)
	at org.testng.internal.TestMethodWorker.invokeTestMethods(TestMethodWorker.java:146)
	at org.testng.internal.TestMethodWorker.run(TestMethodWorker.java:128)
	at java.util.concurrent.ThreadPoolExecutor.runWorker(Unknown Source)
	at java.util.concurrent.ThreadPoolExecutor$Worker.run(Unknown Source)
	at java.lang.Thread.run(Unknown Source)
  </system-out>
  <testcase name="verifyLoginWithValidCredentials" time="0.656" classname="com.internetapp.tests.Login">
    <error type="org.openqa.selenium.WebDriverException" message="unknown error: cannot find MSEdge binary
Build info: version: &#039;3.141.59&#039;, revision: &#039;e82be7d358&#039;, time: &#039;2018-11-14T08:17:03&#039;
System info: host: &#039;MAVBCP532&#039;, ip: &#039;192.168.43.163&#039;, os.name: &#039;Windows 10&#039;, os.arch: &#039;amd64&#039;, os.version: &#039;10.0&#039;, java.version: &#039;1.8.0_251&#039;
Driver info: driver.version: EdgeDriver
remote stacktrace: Backtrace:
	Ordinal0 [0x00007FF6BCDE1BF2+3415026]
	Ordinal0 [0x00007FF6BCCB75E2+2192866]
	Ordinal0 [0x00007FF6BCB547AF+739247]
	Ordinal0 [0x00007FF6BCAB35A2+79266]
	Ordinal0 [0x00007FF6BCAB1272+70258]
	Ordinal0 [0x00007FF6BCAE07CB+264139]
	Ordinal0 [0x00007FF6BCADD68F+251535]
	Ordinal0 [0x00007FF6BCABA663+108131]
	Ordinal0 [0x00007FF6BCABB9CE+113102]
	Ordinal0 [0x00007FF6BCCD2521+2303265]
	GetHandleVerifier [0x00007FF6BCF5E584+1425828]
	GetHandleVerifier [0x00007FF6BCF5E34A+1425258]
	GetHandleVerifier [0x00007FF6BCF76301+1523489]
	GetHandleVerifier [0x00007FF6BCF5EB9B+1427387]
	Ordinal0 [0x00007FF6BCCC87C7+2262983]
	Ordinal0 [0x00007FF6BCCD3EFA+2309882]
	Ordinal0 [0x00007FF6BCCF20F8+2433272]
	BaseThreadInitThunk [0x00007FF813DE7974+20]
	RtlUserThreadStart [0x00007FF81478A271+33]
">
      <![CDATA[org.openqa.selenium.WebDriverException: unknown error: cannot find MSEdge binary
Build info: version: '3.141.59', revision: 'e82be7d358', time: '2018-11-14T08:17:03'
System info: host: 'MAVBCP532', ip: '192.168.43.163', os.name: 'Windows 10', os.arch: 'amd64', os.version: '10.0', java.version: '1.8.0_251'
Driver info: driver.version: EdgeDriver
remote stacktrace: Backtrace:
Ordinal0 [0x00007FF6BCDE1BF2+3415026]
Ordinal0 [0x00007FF6BCCB75E2+2192866]
Ordinal0 [0x00007FF6BCB547AF+739247]
Ordinal0 [0x00007FF6BCAB35A2+79266]
Ordinal0 [0x00007FF6BCAB1272+70258]
Ordinal0 [0x00007FF6BCAE07CB+264139]
Ordinal0 [0x00007FF6BCADD68F+251535]
Ordinal0 [0x00007FF6BCABA663+108131]
Ordinal0 [0x00007FF6BCABB9CE+113102]
Ordinal0 [0x00007FF6BCCD2521+2303265]
GetHandleVerifier [0x00007FF6BCF5E584+1425828]
GetHandleVerifier [0x00007FF6BCF5E34A+1425258]
GetHandleVerifier [0x00007FF6BCF76301+1523489]
GetHandleVerifier [0x00007FF6BCF5EB9B+1427387]
Ordinal0 [0x00007FF6BCCC87C7+2262983]
Ordinal0 [0x00007FF6BCCD3EFA+2309882]
Ordinal0 [0x00007FF6BCCF20F8+2433272]
BaseThreadInitThunk [0x00007FF813DE7974+20]
RtlUserThreadStart [0x00007FF81478A271+33]

at sun.reflect.NativeConstructorAccessorImpl.newInstance0(Native Method)
at sun.reflect.NativeConstructorAccessorImpl.newInstance(Unknown Source)
at sun.reflect.DelegatingConstructorAccessorImpl.newInstance(Unknown Source)
at java.lang.reflect.Constructor.newInstance(Unknown Source)
at org.openqa.selenium.remote.W3CHandshakeResponse.lambda$errorHandler$0(W3CHandshakeResponse.java:62)
at org.openqa.selenium.remote.HandshakeResponse.lambda$getResponseFunction$0(HandshakeResponse.java:30)
at org.openqa.selenium.remote.ProtocolHandshake.lambda$createSession$0(ProtocolHandshake.java:126)
at java.util.stream.ReferencePipeline$3$1.accept(Unknown Source)
at java.util.Spliterators$ArraySpliterator.tryAdvance(Unknown Source)
at java.util.stream.ReferencePipeline.forEachWithCancel(Unknown Source)
at java.util.stream.AbstractPipeline.copyIntoWithCancel(Unknown Source)
at java.util.stream.AbstractPipeline.copyInto(Unknown Source)
at java.util.stream.AbstractPipeline.wrapAndCopyInto(Unknown Source)
at java.util.stream.FindOps$FindOp.evaluateSequential(Unknown Source)
at java.util.stream.AbstractPipeline.evaluate(Unknown Source)
at java.util.stream.ReferencePipeline.findFirst(Unknown Source)
at org.openqa.selenium.remote.ProtocolHandshake.createSession(ProtocolHandshake.java:128)
at org.openqa.selenium.remote.ProtocolHandshake.createSession(ProtocolHandshake.java:74)
at org.openqa.selenium.remote.HttpCommandExecutor.execute(HttpCommandExecutor.java:136)
at org.openqa.selenium.remote.service.DriverCommandExecutor.execute(DriverCommandExecutor.java:83)
at org.openqa.selenium.remote.RemoteWebDriver.execute(RemoteWebDriver.java:552)
at org.openqa.selenium.remote.RemoteWebDriver.startSession(RemoteWebDriver.java:213)
at org.openqa.selenium.remote.RemoteWebDriver.<init>(RemoteWebDriver.java:131)
at org.openqa.selenium.edge.EdgeDriver.<init>(EdgeDriver.java:141)
at org.openqa.selenium.edge.EdgeDriver.<init>(EdgeDriver.java:130)
at com.maveric.core.driver.DriverFactory.getEdgeDriver(DriverFactory.java:100)
at com.maveric.core.driver.DriverFactory.createDriver(DriverFactory.java:66)
at com.maveric.core.driver.DriverFactory.driverSetup(DriverFactory.java:54)
at com.maveric.core.testng.listeners.DriverListener.beforeInvocation(DriverListener.java:31)
at org.testng.internal.invokers.InvokedMethodListenerInvoker.invokeListener(InvokedMethodListenerInvoker.java:56)
at org.testng.internal.BaseInvoker.runInvokedMethodListeners(BaseInvoker.java:55)
at org.testng.internal.TestInvoker.invokeMethod(TestInvoker.java:574)
at org.testng.internal.TestInvoker.invokeTestMethod(TestInvoker.java:173)
at org.testng.internal.MethodRunner.runInSequence(MethodRunner.java:46)
at org.testng.internal.TestInvoker$MethodInvocationAgent.invoke(TestInvoker.java:816)
at org.testng.internal.TestInvoker.invokeTestMethods(TestInvoker.java:146)
at org.testng.internal.TestMethodWorker.invokeTestMethods(TestMethodWorker.java:146)
at org.testng.internal.TestMethodWorker.run(TestMethodWorker.java:128)
at java.util.concurrent.ThreadPoolExecutor.runWorker(Unknown Source)
at java.util.concurrent.ThreadPoolExecutor$Worker.run(Unknown Source)
at java.lang.Thread.run(Unknown Source)
]]>
    </error>
  </testcase> <!-- verifyLoginWithValidCredentials -->
  <system-out>
22-Jun-2020 03:33:16 PM : org.openqa.selenium.WebDriverException: unknown error: cannot find MSEdge binary
Build info: version: '3.141.59', revision: 'e82be7d358', time: '2018-11-14T08:17:03'
System info: host: 'MAVBCP532', ip: '192.168.43.163', os.name: 'Windows 10', os.arch: 'amd64', os.version: '10.0', java.version: '1.8.0_251'
Driver info: driver.version: EdgeDriver
remote stacktrace: Backtrace:
	Ordinal0 [0x00007FF6BCDE1BF2+3415026]
	Ordinal0 [0x00007FF6BCCB75E2+2192866]
	Ordinal0 [0x00007FF6BCB547AF+739247]
	Ordinal0 [0x00007FF6BCAB35A2+79266]
	Ordinal0 [0x00007FF6BCAB1272+70258]
	Ordinal0 [0x00007FF6BCAE07CB+264139]
	Ordinal0 [0x00007FF6BCADD68F+251535]
	Ordinal0 [0x00007FF6BCABA663+108131]
	Ordinal0 [0x00007FF6BCABB9CE+113102]
	Ordinal0 [0x00007FF6BCCD2521+2303265]
	GetHandleVerifier [0x00007FF6BCF5E584+1425828]
	GetHandleVerifier [0x00007FF6BCF5E34A+1425258]
	GetHandleVerifier [0x00007FF6BCF76301+1523489]
	GetHandleVerifier [0x00007FF6BCF5EB9B+1427387]
	Ordinal0 [0x00007FF6BCCC87C7+2262983]
	Ordinal0 [0x00007FF6BCCD3EFA+2309882]
	Ordinal0 [0x00007FF6BCCF20F8+2433272]
	BaseThreadInitThunk [0x00007FF813DE7974+20]
	RtlUserThreadStart [0x00007FF81478A271+33]

	at sun.reflect.NativeConstructorAccessorImpl.newInstance0(Native Method)
	at sun.reflect.NativeConstructorAccessorImpl.newInstance(Unknown Source)
	at sun.reflect.DelegatingConstructorAccessorImpl.newInstance(Unknown Source)
	at java.lang.reflect.Constructor.newInstance(Unknown Source)
	at org.openqa.selenium.remote.W3CHandshakeResponse.lambda$errorHandler$0(W3CHandshakeResponse.java:62)
	at org.openqa.selenium.remote.HandshakeResponse.lambda$getResponseFunction$0(HandshakeResponse.java:30)
	at org.openqa.selenium.remote.ProtocolHandshake.lambda$createSession$0(ProtocolHandshake.java:126)
	at java.util.stream.ReferencePipeline$3$1.accept(Unknown Source)
	at java.util.Spliterators$ArraySpliterator.tryAdvance(Unknown Source)
	at java.util.stream.ReferencePipeline.forEachWithCancel(Unknown Source)
	at java.util.stream.AbstractPipeline.copyIntoWithCancel(Unknown Source)
	at java.util.stream.AbstractPipeline.copyInto(Unknown Source)
	at java.util.stream.AbstractPipeline.wrapAndCopyInto(Unknown Source)
	at java.util.stream.FindOps$FindOp.evaluateSequential(Unknown Source)
	at java.util.stream.AbstractPipeline.evaluate(Unknown Source)
	at java.util.stream.ReferencePipeline.findFirst(Unknown Source)
	at org.openqa.selenium.remote.ProtocolHandshake.createSession(ProtocolHandshake.java:128)
	at org.openqa.selenium.remote.ProtocolHandshake.createSession(ProtocolHandshake.java:74)
	at org.openqa.selenium.remote.HttpCommandExecutor.execute(HttpCommandExecutor.java:136)
	at org.openqa.selenium.remote.service.DriverCommandExecutor.execute(DriverCommandExecutor.java:83)
	at org.openqa.selenium.remote.RemoteWebDriver.execute(RemoteWebDriver.java:552)
	at org.openqa.selenium.remote.RemoteWebDriver.startSession(RemoteWebDriver.java:213)
	at org.openqa.selenium.remote.RemoteWebDriver.<init>(RemoteWebDriver.java:131)
	at org.openqa.selenium.edge.EdgeDriver.<init>(EdgeDriver.java:141)
	at org.openqa.selenium.edge.EdgeDriver.<init>(EdgeDriver.java:130)
	at com.maveric.core.driver.DriverFactory.getEdgeDriver(DriverFactory.java:100)
	at com.maveric.core.driver.DriverFactory.createDriver(DriverFactory.java:66)
	at com.maveric.core.driver.DriverFactory.driverSetup(DriverFactory.java:54)
	at com.maveric.core.testng.listeners.DriverListener.beforeInvocation(DriverListener.java:31)
	at org.testng.internal.invokers.InvokedMethodListenerInvoker.invokeListener(InvokedMethodListenerInvoker.java:56)
	at org.testng.internal.BaseInvoker.runInvokedMethodListeners(BaseInvoker.java:55)
	at org.testng.internal.TestInvoker.invokeMethod(TestInvoker.java:574)
	at org.testng.internal.TestInvoker.invokeTestMethod(TestInvoker.java:173)
	at org.testng.internal.MethodRunner.runInSequence(MethodRunner.java:46)
	at org.testng.internal.TestInvoker$MethodInvocationAgent.invoke(TestInvoker.java:816)
	at org.testng.internal.TestInvoker.invokeTestMethods(TestInvoker.java:146)
	at org.testng.internal.TestMethodWorker.invokeTestMethods(TestMethodWorker.java:146)
	at org.testng.internal.TestMethodWorker.run(TestMethodWorker.java:128)
	at java.util.concurrent.ThreadPoolExecutor.runWorker(Unknown Source)
	at java.util.concurrent.ThreadPoolExecutor$Worker.run(Unknown Source)
	at java.lang.Thread.run(Unknown Source)
  </system-out>
</testsuite> <!-- com.internetapp.tests.Login -->
